  compilation object save succeeded; see C:\Users\BTH\Documents\GitHub\Litet_Spelprojekt\BattleSphere\x64\Debug\PixelShader.cso
  compilation object save succeeded; see C:\Users\BTH\Documents\GitHub\Litet_Spelprojekt\BattleSphere\x64\Debug\VertexShader.cso
  Clock.cpp
  DX.cpp
  Game.cpp
  GameObject.cpp
  GraphicResources.cpp
  imgui.cpp
  imgui_demo.cpp
  imgui_draw.cpp
  imgui_impl_dx11.cpp
  imgui_impl_win32.cpp
  imgui_widgets.cpp
  Input.cpp
  PixelShader.cpp
  Renderer.cpp
C:\Users\BTH\Documents\GitHub\Litet_Spelprojekt\BattleSphere\BattleSphere\Renderer.cpp(76,1): warning C4005: '_ITERATOR_DEBUG_LEVEL': macro redefinition
C:\Program Files (x86)\Microsoft Visual Studio\2019\Community\VC\Tools\MSVC\14.24.28314\include\yvals.h(124): message : see previous definition of '_ITERATOR_DEBUG_LEVEL'
C:\Users\BTH\Documents\GitHub\Litet_Spelprojekt\BattleSphere\BattleSphere\Renderer.cpp(77,1): warning C4005: '_HAS_ITERATOR_DEBUGGING': macro redefinition
C:\Program Files (x86)\Microsoft Visual Studio\2019\Community\VC\Tools\MSVC\14.24.28314\include\yvals.h(103): message : see previous definition of '_HAS_ITERATOR_DEBUGGING'
  VertexShader.cpp
  Generating Code...
  LINK : C:\Users\BTH\Documents\GitHub\Litet_Spelprojekt\BattleSphere\x64\Debug\BattleSphere.exe not found or not built by the last incremental link; performing full link
  BattleSphere.vcxproj -> C:\Users\BTH\Documents\GitHub\Litet_Spelprojekt\BattleSphere\x64\Debug\BattleSphere.exe
